<?xml version="1.0" encoding="UTF-8"?>
<robot generator="Robot 3.1 (Python 3.6.5 on win32)" generated="20190409 10:54:45.676" rpa="false">
<suite id="s1" name="Test Reports Mobile" source="C:\unit_test\mobile\test_reports_mobile.robot">
<kw name="SuiteSetup" type="setup">
<kw name="Create Dictionary" library="BuiltIn">
<doc>Creates and returns a dictionary based on the given ``items``.</doc>
<arguments>
<arg>deviceName=iPhone X</arg>
</arguments>
<assign>
<var>${devname}</var>
</assign>
<msg timestamp="20190409 10:54:45.823" level="INFO">${devname} = {'deviceName': 'iPhone X'}</msg>
<status status="PASS" starttime="20190409 10:54:45.822" endtime="20190409 10:54:45.823"></status>
</kw>
<kw name="Create Dictionary" library="BuiltIn">
<doc>Creates and returns a dictionary based on the given ``items``.</doc>
<arguments>
<arg>mobileEmulation=${devname}</arg>
</arguments>
<assign>
<var>${mobile_emulation}</var>
</assign>
<msg timestamp="20190409 10:54:45.823" level="INFO">${mobile_emulation} = {'mobileEmulation': {'deviceName': 'iPhone X'}}</msg>
<status status="PASS" starttime="20190409 10:54:45.823" endtime="20190409 10:54:45.823"></status>
</kw>
<kw name="Evaluate" library="BuiltIn">
<doc>Evaluates the given expression in Python and returns the results.</doc>
<arguments>
<arg>sys.modules['selenium.webdriver.chrome.options'].Options()</arg>
<arg>sys, selenium.webdriver.chrome.options</arg>
</arguments>
<assign>
<var>${chromeoptions}</var>
</assign>
<msg timestamp="20190409 10:54:45.823" level="INFO">${chromeoptions} = &lt;selenium.webdriver.chrome.options.Options object at 0x0000028B95434DD8&gt;</msg>
<status status="PASS" starttime="20190409 10:54:45.823" endtime="20190409 10:54:45.823"></status>
</kw>
<kw name="Set Variable" library="BuiltIn">
<doc>Returns the given values which can then be assigned to a variables.</doc>
<arguments>
<arg>${mobile_emulation}</arg>
</arguments>
<assign>
<var>${chromeoptions_experimental_options}</var>
</assign>
<msg timestamp="20190409 10:54:45.824" level="INFO">${chromeoptions_experimental_options} = {'mobileEmulation': {'deviceName': 'iPhone X'}}</msg>
<status status="PASS" starttime="20190409 10:54:45.823" endtime="20190409 10:54:45.824"></status>
</kw>
<kw name="Call Method" library="BuiltIn">
<doc>Calls the named method of the given object with the provided arguments.</doc>
<arguments>
<arg>${chromeoptions}</arg>
<arg>add_experimental_option</arg>
<arg>mobileEmulation</arg>
<arg>${devname}</arg>
</arguments>
<status status="PASS" starttime="20190409 10:54:45.824" endtime="20190409 10:54:45.824"></status>
</kw>
<kw name="Create Webdriver" library="Selenium2Library">
<doc>Creates an instance of Selenium WebDriver.</doc>
<arguments>
<arg>Chrome</arg>
<arg>chrome_options=${chromeoptions}</arg>
</arguments>
<msg timestamp="20190409 10:54:45.824" level="INFO">Creating an instance of the Chrome WebDriver.</msg>
<status status="PASS" starttime="20190409 10:54:45.824" endtime="20190409 10:54:50.232"></status>
</kw>
<kw name="Go To" library="Selenium2Library">
<doc>Navigates the active browser instance to the provided ``url``.</doc>
<arguments>
<arg>http://ppap.pmzoe.com/login</arg>
</arguments>
<msg timestamp="20190409 10:54:50.232" level="INFO">Opening url 'http://ppap.pmzoe.com/login'</msg>
<status status="PASS" starttime="20190409 10:54:50.232" endtime="20190409 10:54:52.432"></status>
</kw>
<kw name="Login Page" library="keyword_common">
<arguments>
<arg>${VALID_USER}</arg>
<arg>${VALID_PASSWORD}</arg>
</arguments>
<kw name="Log" library="BuiltIn">
<doc>Logs the given message with the given level.</doc>
<arguments>
<arg>${account}</arg>
</arguments>
<msg timestamp="20190409 10:54:52.433" level="INFO">brdemos</msg>
<status status="PASS" starttime="20190409 10:54:52.433" endtime="20190409 10:54:52.433"></status>
</kw>
<kw name="Input Account" library="keyword_common">
<arguments>
<arg>${account}</arg>
</arguments>
<kw name="Wait Until Page Contains Element" library="Selenium2Library">
<doc>Waits until element ``locator`` appears on current page.</doc>
<arguments>
<arg>//input[@id="inputEmail3"]</arg>
</arguments>
<status status="PASS" starttime="20190409 10:54:52.433" endtime="20190409 10:54:52.450"></status>
</kw>
<kw name="Input Text" library="Selenium2Library">
<doc>Types the given ``text`` into text field identified by ``locator``.</doc>
<arguments>
<arg>//input[@id="inputEmail3"]</arg>
<arg>${account}</arg>
</arguments>
<msg timestamp="20190409 10:54:52.451" level="INFO">Typing text 'brdemos' into text field '//input[@id="inputEmail3"]'.</msg>
<status status="PASS" starttime="20190409 10:54:52.450" endtime="20190409 10:54:52.607"></status>
</kw>
<status status="PASS" starttime="20190409 10:54:52.433" endtime="20190409 10:54:52.607"></status>
</kw>
<kw name="Input Password" library="keyword_common">
<arguments>
<arg>${password}</arg>
</arguments>
<kw name="Wait Until Page Contains Element" library="Selenium2Library">
<doc>Waits until element ``locator`` appears on current page.</doc>
<arguments>
<arg>//input[@id="inputPassword3"]</arg>
</arguments>
<status status="PASS" starttime="20190409 10:54:52.608" endtime="20190409 10:54:52.616"></status>
</kw>
<kw name="Input Text" library="Selenium2Library">
<doc>Types the given ``text`` into text field identified by ``locator``.</doc>
<arguments>
<arg>//input[@id="inputPassword3"]</arg>
<arg>${password}</arg>
</arguments>
<msg timestamp="20190409 10:54:52.616" level="INFO">Typing text '111116' into text field '//input[@id="inputPassword3"]'.</msg>
<status status="PASS" starttime="20190409 10:54:52.616" endtime="20190409 10:54:52.675"></status>
</kw>
<status status="PASS" starttime="20190409 10:54:52.607" endtime="20190409 10:54:52.675"></status>
</kw>
<kw name="Press Key" library="Selenium2Library">
<doc>Simulates user pressing key on element identified by ``locator``.</doc>
<arguments>
<arg>//input[@id="inputPassword3"]</arg>
<arg>\\13</arg>
</arguments>
<status status="PASS" starttime="20190409 10:54:52.675" endtime="20190409 10:54:52.701"></status>
</kw>
<status status="PASS" starttime="20190409 10:54:52.432" endtime="20190409 10:54:52.701"></status>
</kw>
<status status="PASS" starttime="20190409 10:54:45.822" endtime="20190409 10:54:52.701"></status>
</kw>
<test id="s1-t1" name="Check login">
<kw name="Login Page" library="keyword_common">
<arguments>
<arg>${VALID_USER}</arg>
<arg>${VALID_PASSWORD}</arg>
</arguments>
<kw name="Log" library="BuiltIn">
<doc>Logs the given message with the given level.</doc>
<arguments>
<arg>${account}</arg>
</arguments>
<msg timestamp="20190409 10:54:52.702" level="INFO">brdemos</msg>
<status status="PASS" starttime="20190409 10:54:52.702" endtime="20190409 10:54:52.702"></status>
</kw>
<kw name="Input Account" library="keyword_common">
<arguments>
<arg>${account}</arg>
</arguments>
<kw name="Wait Until Page Contains Element" library="Selenium2Library">
<doc>Waits until element ``locator`` appears on current page.</doc>
<arguments>
<arg>//input[@id="inputEmail3"]</arg>
</arguments>
<status status="PASS" starttime="20190409 10:54:52.703" endtime="20190409 10:54:52.710"></status>
</kw>
<kw name="Input Text" library="Selenium2Library">
<doc>Types the given ``text`` into text field identified by ``locator``.</doc>
<arguments>
<arg>//input[@id="inputEmail3"]</arg>
<arg>${account}</arg>
</arguments>
<msg timestamp="20190409 10:54:52.710" level="INFO">Typing text 'brdemos' into text field '//input[@id="inputEmail3"]'.</msg>
<status status="PASS" starttime="20190409 10:54:52.710" endtime="20190409 10:54:52.759"></status>
</kw>
<status status="PASS" starttime="20190409 10:54:52.702" endtime="20190409 10:54:52.759"></status>
</kw>
<kw name="Input Password" library="keyword_common">
<arguments>
<arg>${password}</arg>
</arguments>
<kw name="Wait Until Page Contains Element" library="Selenium2Library">
<doc>Waits until element ``locator`` appears on current page.</doc>
<arguments>
<arg>//input[@id="inputPassword3"]</arg>
</arguments>
<status status="PASS" starttime="20190409 10:54:52.760" endtime="20190409 10:54:52.769"></status>
</kw>
<kw name="Input Text" library="Selenium2Library">
<doc>Types the given ``text`` into text field identified by ``locator``.</doc>
<arguments>
<arg>//input[@id="inputPassword3"]</arg>
<arg>${password}</arg>
</arguments>
<msg timestamp="20190409 10:54:52.769" level="INFO">Typing text '111116' into text field '//input[@id="inputPassword3"]'.</msg>
<status status="PASS" starttime="20190409 10:54:52.769" endtime="20190409 10:54:52.813"></status>
</kw>
<status status="PASS" starttime="20190409 10:54:52.759" endtime="20190409 10:54:52.813"></status>
</kw>
<kw name="Press Key" library="Selenium2Library">
<doc>Simulates user pressing key on element identified by ``locator``.</doc>
<arguments>
<arg>//input[@id="inputPassword3"]</arg>
<arg>\\13</arg>
</arguments>
<status status="PASS" starttime="20190409 10:54:52.813" endtime="20190409 10:54:52.843"></status>
</kw>
<status status="PASS" starttime="20190409 10:54:52.702" endtime="20190409 10:54:52.844"></status>
</kw>
<tags>
<tag>Login</tag>
</tags>
<status status="PASS" starttime="20190409 10:54:52.701" endtime="20190409 10:54:52.844" critical="yes"></status>
</test>
<test id="s1-t2" name="Check sidebar link Operational navigation is correct">
<kw name="Sleep" library="BuiltIn">
<doc>Pauses the test executed for the given time.</doc>
<arguments>
<arg>3s</arg>
</arguments>
<msg timestamp="20190409 10:54:55.847" level="INFO">Slept 3 seconds</msg>
<status status="PASS" starttime="20190409 10:54:52.846" endtime="20190409 10:54:55.847"></status>
</kw>
<kw name="Wait Until Page Contains Element" library="Selenium2Library">
<doc>Waits until element ``locator`` appears on current page.</doc>
<arguments>
<arg>//a[@class='collapse-menu-link ion-navicon']</arg>
</arguments>
<status status="PASS" starttime="20190409 10:54:55.847" endtime="20190409 10:54:55.859"></status>
</kw>
<kw name="Click Element" library="Selenium2Library">
<doc>Click element identified by ``locator``.</doc>
<arguments>
<arg>//a[@class='collapse-menu-link ion-navicon']</arg>
</arguments>
<msg timestamp="20190409 10:54:55.860" level="INFO">Clicking element '//a[@class='collapse-menu-link ion-navicon']'.</msg>
<status status="PASS" starttime="20190409 10:54:55.860" endtime="20190409 10:54:55.897"></status>
</kw>
<kw name="Check Operational Information Link" library="keyword_reports_mobile">
<doc>Click operational information link to check link is correct</doc>
<arguments>
<arg>报表呈现</arg>
</arguments>
<kw name="Click Sidebar Link" library="keyword_common">
<arguments>
<arg>${title}</arg>
</arguments>
<kw name="Sleep" library="BuiltIn">
<doc>Pauses the test executed for the given time.</doc>
<arguments>
<arg>30s</arg>
</arguments>
<msg timestamp="20190409 10:55:25.899" level="INFO">Slept 30 seconds</msg>
<status status="PASS" starttime="20190409 10:54:55.897" endtime="20190409 10:55:25.899"></status>
</kw>
<kw name="Wait Until Page Contains Element" library="Selenium2Library">
<doc>Waits until element ``locator`` appears on current page.</doc>
<arguments>
<arg>//li[@title="${title}"]</arg>
</arguments>
<status status="PASS" starttime="20190409 10:55:25.899" endtime="20190409 10:55:25.910"></status>
</kw>
<kw name="Click Element" library="Selenium2Library">
<doc>Click element identified by ``locator``.</doc>
<arguments>
<arg>//li[@title="${title}"]</arg>
</arguments>
<msg timestamp="20190409 10:55:25.910" level="INFO">Clicking element '//li[@title="报表呈现"]'.</msg>
<kw name="Capture Page Screenshot" library="Selenium2Library">
<doc>Takes screenshot of the current page and embeds it into log file.</doc>
<msg timestamp="20190409 10:55:26.432" level="INFO" html="yes">&lt;/td&gt;&lt;/tr&gt;&lt;tr&gt;&lt;td colspan="3"&gt;&lt;a href="selenium-screenshot-171.png"&gt;&lt;img src="selenium-screenshot-171.png" width="800px"&gt;&lt;/a&gt;</msg>
<status status="PASS" starttime="20190409 10:55:25.929" endtime="20190409 10:55:26.432"></status>
</kw>
<msg timestamp="20190409 10:55:26.434" level="FAIL">ElementNotVisibleException: Message: element not visible
  (Session info: chrome=73.0.3683.86)
  (Driver info: chromedriver=2.36.540470 (e522d04694c7ebea4ba8821272dbef4f9b818c91),platform=Windows NT 10.0.17763 x86_64)
</msg>
<status status="FAIL" starttime="20190409 10:55:25.910" endtime="20190409 10:55:26.434"></status>
</kw>
<status status="FAIL" starttime="20190409 10:54:55.897" endtime="20190409 10:55:26.435"></status>
</kw>
<status status="FAIL" starttime="20190409 10:54:55.897" endtime="20190409 10:55:26.435"></status>
</kw>
<tags>
<tag>Login</tag>
</tags>
<status status="FAIL" starttime="20190409 10:54:52.846" endtime="20190409 10:55:26.435" critical="yes">ElementNotVisibleException: Message: element not visible
  (Session info: chrome=73.0.3683.86)
  (Driver info: chromedriver=2.36.540470 (e522d04694c7ebea4ba8821272dbef4f9b818c91),platform=Windows NT 10.0.17763 x86_64)
</status>
</test>
<test id="s1-t3" name="Click Search">
<kw name="Sleep" library="BuiltIn">
<doc>Pauses the test executed for the given time.</doc>
<arguments>
<arg>10s</arg>
</arguments>
<msg timestamp="20190409 10:55:36.440" level="INFO">Slept 10 seconds</msg>
<status status="PASS" starttime="20190409 10:55:26.438" endtime="20190409 10:55:36.440"></status>
</kw>
<kw name="Wait Until Page Contains Element" library="Selenium2Library">
<doc>Waits until element ``locator`` appears on current page.</doc>
<arguments>
<arg>//div[@class="baDateform btn-group"]/a[contains(.,'今日')]</arg>
</arguments>
<kw name="Capture Page Screenshot" library="Selenium2Library">
<doc>Takes screenshot of the current page and embeds it into log file.</doc>
<msg timestamp="20190409 10:55:42.069" level="INFO" html="yes">&lt;/td&gt;&lt;/tr&gt;&lt;tr&gt;&lt;td colspan="3"&gt;&lt;a href="selenium-screenshot-172.png"&gt;&lt;img src="selenium-screenshot-172.png" width="800px"&gt;&lt;/a&gt;</msg>
<status status="PASS" starttime="20190409 10:55:41.634" endtime="20190409 10:55:42.069"></status>
</kw>
<msg timestamp="20190409 10:55:42.070" level="FAIL">Element '//div[@class="baDateform btn-group"]/a[contains(.,'今日')]' did not appear in 5 seconds.</msg>
<status status="FAIL" starttime="20190409 10:55:36.440" endtime="20190409 10:55:42.070"></status>
</kw>
<kw name="Run Keyword If Test Failed" library="BuiltIn" type="teardown">
<doc>Runs the given keyword with the given arguments, if the test failed.</doc>
<arguments>
<arg>Capture Page Screenshot</arg>
</arguments>
<kw name="Capture Page Screenshot" library="Selenium2Library">
<doc>Takes screenshot of the current page and embeds it into log file.</doc>
<msg timestamp="20190409 10:55:42.487" level="INFO" html="yes">&lt;/td&gt;&lt;/tr&gt;&lt;tr&gt;&lt;td colspan="3"&gt;&lt;a href="selenium-screenshot-173.png"&gt;&lt;img src="selenium-screenshot-173.png" width="800px"&gt;&lt;/a&gt;</msg>
<status status="PASS" starttime="20190409 10:55:42.071" endtime="20190409 10:55:42.487"></status>
</kw>
<status status="PASS" starttime="20190409 10:55:42.071" endtime="20190409 10:55:42.487"></status>
</kw>
<tags>
<tag>Login</tag>
</tags>
<status status="FAIL" starttime="20190409 10:55:26.437" endtime="20190409 10:55:42.487" critical="yes">Element '//div[@class="baDateform btn-group"]/a[contains(.,'今日')]' did not appear in 5 seconds.</status>
</test>
<test id="s1-t4" name="Search In Datetime">
<kw name="Get Text" library="Selenium2Library">
<doc>Returns the text value of element identified by ``locator``.</doc>
<arguments>
<arg>//table[@id="TrendInfoTable"]//tbody/tr[1]/td[2]</arg>
</arguments>
<assign>
<var>${CheckValueA}</var>
</assign>
<kw name="Capture Page Screenshot" library="Selenium2Library">
<doc>Takes screenshot of the current page and embeds it into log file.</doc>
<msg timestamp="20190409 10:55:42.966" level="INFO" html="yes">&lt;/td&gt;&lt;/tr&gt;&lt;tr&gt;&lt;td colspan="3"&gt;&lt;a href="selenium-screenshot-174.png"&gt;&lt;img src="selenium-screenshot-174.png" width="800px"&gt;&lt;/a&gt;</msg>
<status status="PASS" starttime="20190409 10:55:42.499" endtime="20190409 10:55:42.967"></status>
</kw>
<msg timestamp="20190409 10:55:42.968" level="FAIL">Element with locator '//table[@id="TrendInfoTable"]//tbody/tr[1]/td[2]' not found.</msg>
<status status="FAIL" starttime="20190409 10:55:42.489" endtime="20190409 10:55:42.968"></status>
</kw>
<tags>
<tag>Login</tag>
</tags>
<status status="FAIL" starttime="20190409 10:55:42.489" endtime="20190409 10:55:42.969" critical="yes">Element with locator '//table[@id="TrendInfoTable"]//tbody/tr[1]/td[2]' not found.</status>
</test>
<kw name="SuiteTeardown" type="teardown">
<kw name="Run Keyword If Test Failed" library="BuiltIn">
<doc>Runs the given keyword with the given arguments, if the test failed.</doc>
<arguments>
<arg>Capture Page Screenshot</arg>
</arguments>
<msg timestamp="20190409 10:55:42.971" level="FAIL">Keyword 'Run Keyword If Test Failed' can only be used in test teardown.</msg>
<status status="FAIL" starttime="20190409 10:55:42.971" endtime="20190409 10:55:42.971"></status>
</kw>
<kw name="Close Browser" library="Selenium2Library">
<doc>Closes the current browser.</doc>
<status status="PASS" starttime="20190409 10:55:42.971" endtime="20190409 10:55:46.022"></status>
</kw>
<status status="FAIL" starttime="20190409 10:55:42.970" endtime="20190409 10:55:46.022">Keyword 'Run Keyword If Test Failed' can only be used in test teardown.</status>
</kw>
<status status="FAIL" starttime="20190409 10:54:45.677" endtime="20190409 10:55:46.022">Suite teardown failed:
Keyword 'Run Keyword If Test Failed' can only be used in test teardown.</status>
</suite>
<statistics>
<total>
<stat pass="0" fail="4">Critical Tests</stat>
<stat pass="0" fail="4">All Tests</stat>
</total>
<tag>
<stat pass="0" fail="4">Login</stat>
</tag>
<suite>
<stat pass="0" fail="4" id="s1" name="Test Reports Mobile">Test Reports Mobile</stat>
</suite>
</statistics>
<errors>
</errors>
</robot>
